/usr/bin/ld: /usr/lib/gcc/x86_64-linux-gnu/11/../../../x86_64-linux-gnu/Scrt1.o: in function `_start':
(.text+0x1b): undefined reference to `main'
collect2: error: ld returned 1 exit status
编译失败: 001-1.c
/usr/bin/ld: /usr/lib/gcc/x86_64-linux-gnu/11/../../../x86_64-linux-gnu/Scrt1.o: in function `_start':
(.text+0x1b): undefined reference to `main'
collect2: error: ld returned 1 exit status
编译失败: 010.c
/usr/bin/ld: /usr/lib/gcc/x86_64-linux-gnu/11/../../../x86_64-linux-gnu/Scrt1.o: in function `_start':
(.text+0x1b): undefined reference to `main'
collect2: error: ld returned 1 exit status
编译失败: 011.c
/usr/bin/ld: /usr/lib/gcc/x86_64-linux-gnu/11/../../../x86_64-linux-gnu/Scrt1.o: in function `_start':
(.text+0x1b): undefined reference to `main'
collect2: error: ld returned 1 exit status
编译失败: 100-1.c
/usr/bin/ld: /usr/lib/gcc/x86_64-linux-gnu/11/../../../x86_64-linux-gnu/Scrt1.o: in function `_start':
(.text+0x1b): undefined reference to `main'
collect2: error: ld returned 1 exit status
编译失败: 100-2.c
/usr/bin/ld: /usr/lib/gcc/x86_64-linux-gnu/11/../../../x86_64-linux-gnu/Scrt1.o: in function `_start':
(.text+0x1b): undefined reference to `main'
collect2: error: ld returned 1 exit status
编译失败: 101.c
/usr/bin/ld: /usr/lib/gcc/x86_64-linux-gnu/11/../../../x86_64-linux-gnu/Scrt1.o: in function `_start':
(.text+0x1b): undefined reference to `main'
collect2: error: ld returned 1 exit status
编译失败: 110-1.c
/usr/bin/ld: /usr/lib/gcc/x86_64-linux-gnu/11/../../../x86_64-linux-gnu/Scrt1.o: in function `_start':
(.text+0x1b): undefined reference to `main'
collect2: error: ld returned 1 exit status
编译失败: 110-2.c
/usr/bin/ld: /usr/lib/gcc/x86_64-linux-gnu/11/../../../x86_64-linux-gnu/Scrt1.o: in function `_start':
(.text+0x1b): undefined reference to `main'
collect2: error: ld returned 1 exit status
编译失败: 110.c
/usr/bin/ld: cannot find -lab-a-2.c
collect2: error: ld returned 1 exit status
编译失败: -lab-a-2.c
/usr/bin/ld: cannot find -lab-b.c
collect2: error: ld returned 1 exit status
编译失败: -lab-b.c
/usr/bin/ld: cannot find -lab-d1.c
collect2: error: ld returned 1 exit status
编译失败: -lab-d1.c
/usr/bin/ld: cannot find -lab-d2.c
collect2: error: ld returned 1 exit status
编译失败: -lab-d2.c
/usr/bin/ld: cannot find -lab-f2.c
collect2: error: ld returned 1 exit status
编译失败: -lab-f2.c
/usr/bin/ld: cannot find -lab-f3.c
collect2: error: ld returned 1 exit status
编译失败: -lab-f3.c
/usr/bin/ld: cannot find -lab-f.c
collect2: error: ld returned 1 exit status
编译失败: -lab-f.c
